<?xml version="1.0" encoding="UTF-8"?>
<!-- Generated by org.testng.reporters.JUnitReportReporter -->
<testsuite hostname="DESKTOP-4VHBQP4" failures="0" tests="2" name="qaclickacademy.AppiumTest" time="0.020" errors="0" timestamp="27 Jul 2019 15:09:36 GMT" skipped="0">
  <testcase classname="qaclickacademy.AppiumTest" name="NativeAppAndroid" time="0.001"/>
  <testcase classname="qaclickacademy.AppiumTest" name="IOSApps" time="0.019"/>
</testsuite> <!-- qaclickacademy.AppiumTest -->
