<?xml version="1.0" encoding="UTF-8"?>
<testsuite xmlns:xsi="http://www.w3.org/2001/XMLSchema-instance" xsi:noNamespaceSchemaLocation="https://maven.apache.org/surefire/maven-surefire-plugin/xsd/surefire-test-report-3.0.xsd" version="3.0" name="TestSuite" time="0.79" tests="6" errors="0" skipped="0" failures="0">
  <properties>
    <property name="sun.desktop" value="windows"/>
    <property name="awt.toolkit" value="sun.awt.windows.WToolkit"/>
    <property name="java.specification.version" value="12"/>
    <property name="sun.cpu.isalist" value="amd64"/>
    <property name="sun.jnu.encoding" value="Cp1252"/>
    <property name="java.class.path" value="C:\Users\yjxyu\Mavenjava\target\test-classes;C:\Users\yjxyu\Mavenjava\target\classes;C:\Users\yjxyu\.m2\repository\org\seleniumhq\selenium\selenium-java\3.141.59\selenium-java-3.141.59.jar;C:\Users\yjxyu\.m2\repository\org\seleniumhq\selenium\selenium-api\3.141.59\selenium-api-3.141.59.jar;C:\Users\yjxyu\.m2\repository\org\seleniumhq\selenium\selenium-chrome-driver\3.141.59\selenium-chrome-driver-3.141.59.jar;C:\Users\yjxyu\.m2\repository\org\seleniumhq\selenium\selenium-edge-driver\3.141.59\selenium-edge-driver-3.141.59.jar;C:\Users\yjxyu\.m2\repository\org\seleniumhq\selenium\selenium-firefox-driver\3.141.59\selenium-firefox-driver-3.141.59.jar;C:\Users\yjxyu\.m2\repository\org\seleniumhq\selenium\selenium-ie-driver\3.141.59\selenium-ie-driver-3.141.59.jar;C:\Users\yjxyu\.m2\repository\org\seleniumhq\selenium\selenium-opera-driver\3.141.59\selenium-opera-driver-3.141.59.jar;C:\Users\yjxyu\.m2\repository\org\seleniumhq\selenium\selenium-remote-driver\3.141.59\selenium-remote-driver-3.141.59.jar;C:\Users\yjxyu\.m2\repository\org\seleniumhq\selenium\selenium-safari-driver\3.141.59\selenium-safari-driver-3.141.59.jar;C:\Users\yjxyu\.m2\repository\org\seleniumhq\selenium\selenium-support\3.141.59\selenium-support-3.141.59.jar;C:\Users\yjxyu\.m2\repository\net\bytebuddy\byte-buddy\1.8.15\byte-buddy-1.8.15.jar;C:\Users\yjxyu\.m2\repository\org\apache\commons\commons-exec\1.3\commons-exec-1.3.jar;C:\Users\yjxyu\.m2\repository\com\google\guava\guava\25.0-jre\guava-25.0-jre.jar;C:\Users\yjxyu\.m2\repository\com\google\code\findbugs\jsr305\1.3.9\jsr305-1.3.9.jar;C:\Users\yjxyu\.m2\repository\org\checkerframework\checker-compat-qual\2.0.0\checker-compat-qual-2.0.0.jar;C:\Users\yjxyu\.m2\repository\com\google\errorprone\error_prone_annotations\2.1.3\error_prone_annotations-2.1.3.jar;C:\Users\yjxyu\.m2\repository\com\google\j2objc\j2objc-annotations\1.1\j2objc-annotations-1.1.jar;C:\Users\yjxyu\.m2\repository\org\codehaus\mojo\animal-sniffer-annotations\1.14\animal-sniffer-annotations-1.14.jar;C:\Users\yjxyu\.m2\repository\com\squareup\okhttp3\okhttp\3.11.0\okhttp-3.11.0.jar;C:\Users\yjxyu\.m2\repository\com\squareup\okio\okio\1.14.0\okio-1.14.0.jar;C:\Users\yjxyu\.m2\repository\org\testng\testng\6.14.3\testng-6.14.3.jar;C:\Users\yjxyu\.m2\repository\com\beust\jcommander\1.72\jcommander-1.72.jar;C:\Users\yjxyu\.m2\repository\org\apache-extras\beanshell\bsh\2.0b6\bsh-2.0b6.jar;C:\Users\yjxyu\.m2\repository\io\rest-assured\rest-assured\4.0.0\rest-assured-4.0.0.jar;C:\Users\yjxyu\.m2\repository\org\codehaus\groovy\groovy\2.5.6\groovy-2.5.6.jar;C:\Users\yjxyu\.m2\repository\org\codehaus\groovy\groovy-xml\2.5.6\groovy-xml-2.5.6.jar;C:\Users\yjxyu\.m2\repository\org\apache\httpcomponents\httpclient\4.5.3\httpclient-4.5.3.jar;C:\Users\yjxyu\.m2\repository\org\apache\httpcomponents\httpcore\4.4.6\httpcore-4.4.6.jar;C:\Users\yjxyu\.m2\repository\commons-logging\commons-logging\1.2\commons-logging-1.2.jar;C:\Users\yjxyu\.m2\repository\commons-codec\commons-codec\1.9\commons-codec-1.9.jar;C:\Users\yjxyu\.m2\repository\org\apache\httpcomponents\httpmime\4.5.3\httpmime-4.5.3.jar;C:\Users\yjxyu\.m2\repository\org\hamcrest\hamcrest-core\2.1\hamcrest-core-2.1.jar;C:\Users\yjxyu\.m2\repository\org\hamcrest\hamcrest\2.1\hamcrest-2.1.jar;C:\Users\yjxyu\.m2\repository\org\hamcrest\hamcrest-library\2.1\hamcrest-library-2.1.jar;C:\Users\yjxyu\.m2\repository\org\ccil\cowan\tagsoup\tagsoup\1.2.1\tagsoup-1.2.1.jar;C:\Users\yjxyu\.m2\repository\io\rest-assured\json-path\4.0.0\json-path-4.0.0.jar;C:\Users\yjxyu\.m2\repository\org\codehaus\groovy\groovy-json\2.5.6\groovy-json-2.5.6.jar;C:\Users\yjxyu\.m2\repository\io\rest-assured\rest-assured-common\4.0.0\rest-assured-common-4.0.0.jar;C:\Users\yjxyu\.m2\repository\io\rest-assured\xml-path\4.0.0\xml-path-4.0.0.jar;C:\Users\yjxyu\.m2\repository\org\apache\commons\commons-lang3\3.4\commons-lang3-3.4.jar;C:\Users\yjxyu\.m2\repository\javax\xml\bind\jaxb-api\2.2.12\jaxb-api-2.2.12.jar;C:\Users\yjxyu\.m2\repository\com\sun\xml\bind\jaxb-osgi\2.2.10\jaxb-osgi-2.2.10.jar;C:\Users\yjxyu\.m2\repository\org\apache\sling\org.apache.sling.javax.activation\0.1.0\org.apache.sling.javax.activation-0.1.0.jar;C:\Users\yjxyu\.m2\repository\javax\activation\activation\1.1.1\activation-1.1.1.jar;C:\Users\yjxyu\.m2\repository\com\comcast\magic-wand\appium\4.0.3\appium-4.0.3.jar;C:\Users\yjxyu\.m2\repository\com\comcast\video\dawg\dawg-common\2.0.1\dawg-common-2.0.1.jar;C:\Users\yjxyu\.m2\repository\com\comcast\video\stb-io-api\2.0.1\stb-io-api-2.0.1.jar;C:\Users\yjxyu\.m2\repository\org\slf4j\slf4j-api\1.7.1\slf4j-api-1.7.1.jar;C:\Users\yjxyu\.m2\repository\org\ini4j\ini4j\0.5.4\ini4j-0.5.4.jar;C:\Users\yjxyu\.m2\repository\org\easymock\easymock\3.1\easymock-3.1.jar;C:\Users\yjxyu\.m2\repository\cglib\cglib-nodep\2.2.2\cglib-nodep-2.2.2.jar;C:\Users\yjxyu\.m2\repository\org\objenesis\objenesis\1.2\objenesis-1.2.jar;C:\Users\yjxyu\.m2\repository\javax\servlet\servlet-api\2.5\servlet-api-2.5.jar;C:\Users\yjxyu\.m2\repository\javax\servlet\jstl\1.2\jstl-1.2.jar;C:\Users\yjxyu\.m2\repository\org\springframework\spring-oxm\3.2.14.RELEASE\spring-oxm-3.2.14.RELEASE.jar;C:\Users\yjxyu\.m2\repository\org\springframework\spring-context\3.2.14.RELEASE\spring-context-3.2.14.RELEASE.jar;C:\Users\yjxyu\.m2\repository\org\springframework\spring-aop\3.2.14.RELEASE\spring-aop-3.2.14.RELEASE.jar;C:\Users\yjxyu\.m2\repository\aopalliance\aopalliance\1.0\aopalliance-1.0.jar;C:\Users\yjxyu\.m2\repository\org\springframework\spring-expression\3.2.14.RELEASE\spring-expression-3.2.14.RELEASE.jar;C:\Users\yjxyu\.m2\repository\org\springframework\spring-webmvc\3.2.14.RELEASE\spring-webmvc-3.2.14.RELEASE.jar;C:\Users\yjxyu\.m2\repository\org\springframework\spring-core\3.2.14.RELEASE\spring-core-3.2.14.RELEASE.jar;C:\Users\yjxyu\.m2\repository\org\springframework\spring-web\3.2.14.RELEASE\spring-web-3.2.14.RELEASE.jar;C:\Users\yjxyu\.m2\repository\org\springframework\spring-jdbc\3.2.14.RELEASE\spring-jdbc-3.2.14.RELEASE.jar;C:\Users\yjxyu\.m2\repository\org\springframework\spring-tx\3.2.14.RELEASE\spring-tx-3.2.14.RELEASE.jar;C:\Users\yjxyu\.m2\repository\org\springframework\spring-beans\3.2.14.RELEASE\spring-beans-3.2.14.RELEASE.jar;C:\Users\yjxyu\.m2\repository\org\springframework\spring-test\3.2.14.RELEASE\spring-test-3.2.14.RELEASE.jar;C:\Users\yjxyu\.m2\repository\junit\junit\4.10\junit-4.10.jar;C:\Users\yjxyu\.m2\repository\org\aspectj\aspectjrt\1.7.0\aspectjrt-1.7.0.jar;C:\Users\yjxyu\.m2\repository\org\slf4j\jcl-over-slf4j\1.7.1\jcl-over-slf4j-1.7.1.jar;C:\Users\yjxyu\.m2\repository\commons-io\commons-io\2.4\commons-io-2.4.jar;C:\Users\yjxyu\.m2\repository\commons-lang\commons-lang\2.6\commons-lang-2.6.jar;C:\Users\yjxyu\.m2\repository\com\comcast\cereal\cereal\4.0.2\cereal-4.0.2.jar;C:\Users\yjxyu\.m2\repository\commons-beanutils\commons-beanutils\1.7.0\commons-beanutils-1.7.0.jar;C:\Users\yjxyu\.m2\repository\org\yaml\snakeyaml\1.11\snakeyaml-1.11.jar;C:\Users\yjxyu\.m2\repository\joda-time\joda-time\1.5\joda-time-1.5.jar;C:\Users\yjxyu\.m2\repository\org\json\json\20140107\json-20140107.jar;C:\Users\yjxyu\.m2\repository\org\codehaus\jackson\jackson-mapper-asl\1.9.12\jackson-mapper-asl-1.9.12.jar;C:\Users\yjxyu\.m2\repository\org\codehaus\jackson\jackson-core-asl\1.9.12\jackson-core-asl-1.9.12.jar;C:\Users\yjxyu\.m2\repository\com\comcast\pantry\pantry\2.0.8\pantry-2.0.8.jar;C:\Users\yjxyu\.m2\repository\org\apache\commons\commons-compress\1.9\commons-compress-1.9.jar;C:\Users\yjxyu\.m2\repository\log4j\log4j\1.2.17\log4j-1.2.17.jar;C:\Users\yjxyu\.m2\repository\org\eclipse\jetty\websocket\websocket-client\9.1.0.M0\websocket-client-9.1.0.M0.jar;C:\Users\yjxyu\.m2\repository\org\eclipse\jetty\jetty-util\9.1.0.M0\jetty-util-9.1.0.M0.jar;C:\Users\yjxyu\.m2\repository\org\eclipse\jetty\jetty-io\9.1.0.M0\jetty-io-9.1.0.M0.jar;C:\Users\yjxyu\.m2\repository\org\eclipse\jetty\websocket\websocket-common\9.1.0.M0\websocket-common-9.1.0.M0.jar;C:\Users\yjxyu\.m2\repository\org\eclipse\jetty\websocket\websocket-api\9.1.0.M0\websocket-api-9.1.0.M0.jar;C:\Users\yjxyu\.m2\repository\javax\inject\javax.inject\1\javax.inject-1.jar;C:\Users\yjxyu\.m2\repository\org\springframework\data\spring-data-mongodb\1.5.4.RELEASE\spring-data-mongodb-1.5.4.RELEASE.jar;C:\Users\yjxyu\.m2\repository\org\springframework\data\spring-data-commons\1.8.4.RELEASE\spring-data-commons-1.8.4.RELEASE.jar;C:\Users\yjxyu\.m2\repository\org\mongodb\mongo-java-driver\2.12.1\mongo-java-driver-2.12.1.jar;C:\Users\yjxyu\.m2\repository\taglibs\standard\1.1.2\standard-1.1.2.jar;C:\Users\yjxyu\.m2\repository\eu\bitwalker\UserAgentUtils\1.18\UserAgentUtils-1.18.jar;C:\Users\yjxyu\.m2\repository\org\eclipse\jetty\aggregate\jetty-all-server\7.6.7.v20120910\jetty-all-server-7.6.7.v20120910.jar;C:\Users\yjxyu\.m2\repository\org\eclipse\jetty\orbit\javax.security.auth.message\1.0.0.v201108011116\javax.security.auth.message-1.0.0.v201108011116.jar;C:\Users\yjxyu\.m2\repository\org\eclipse\jetty\orbit\javax.mail.glassfish\1.4.1.v201005082020\javax.mail.glassfish-1.4.1.v201005082020.jar;C:\Users\yjxyu\.m2\repository\org\eclipse\jetty\orbit\javax.activation\1.1.0.v201105071233\javax.activation-1.1.0.v201105071233.jar;C:\Users\yjxyu\.m2\repository\org\eclipse\jetty\orbit\javax.annotation\1.1.0.v201108011116\javax.annotation-1.1.0.v201108011116.jar;C:\Users\yjxyu\.m2\repository\org\reflections\reflections\0.9.9-RC2\reflections-0.9.9-RC2.jar;C:\Users\yjxyu\.m2\repository\org\javassist\javassist\3.18.2-GA\javassist-3.18.2-GA.jar;C:\Users\yjxyu\.m2\repository\com\google\code\findbugs\annotations\2.0.1\annotations-2.0.1.jar;C:\Users\yjxyu\.m2\repository\dom4j\dom4j\1.6.1\dom4j-1.6.1.jar;C:\Users\yjxyu\.m2\repository\xml-apis\xml-apis\1.0.b2\xml-apis-1.0.b2.jar;C:\Users\yjxyu\.m2\repository\com\comcast\video\dawg\dawg-client\2.0.1\dawg-client-2.0.1.jar;C:\Users\yjxyu\.m2\repository\com\comcast\drivethru\drive-thru\2.0.3\drive-thru-2.0.3.jar;C:\Users\yjxyu\.m2\repository\com\google\code\gson\gson\2.2.4\gson-2.2.4.jar;C:\Users\yjxyu\.m2\repository\oauth\signpost\signpost-core\1.2.1\signpost-core-1.2.1.jar;C:\Users\yjxyu\.m2\repository\oauth\signpost\signpost-commonshttp4\1.2.1\signpost-commonshttp4-1.2.1.jar;C:\Users\yjxyu\.m2\repository\com\comcast\magic-wand\core\4.0.3\core-4.0.3.jar;C:\Users\yjxyu\.m2\repository\io\appium\java-client\2.2.0\java-client-2.2.0.jar;C:\Users\yjxyu\.m2\repository\cglib\cglib\3.1\cglib-3.1.jar;C:\Users\yjxyu\.m2\repository\org\ow2\asm\asm\4.2\asm-4.2.jar;C:\Users\yjxyu\.m2\repository\ch\qos\logback\logback-classic\1.1.2\logback-classic-1.1.2.jar;C:\Users\yjxyu\.m2\repository\ch\qos\logback\logback-core\1.1.2\logback-core-1.1.2.jar;"/>
    <property name="java.vm.vendor" value="Oracle Corporation"/>
    <property name="sun.arch.data.model" value="64"/>
    <property name="user.variant" value=""/>
    <property name="java.vendor.url" value="https://java.oracle.com/"/>
    <property name="user.timezone" value="America/New_York"/>
    <property name="os.name" value="Windows 10"/>
    <property name="java.vm.specification.version" value="12"/>
    <property name="sun.java.launcher" value="SUN_STANDARD"/>
    <property name="user.country" value="US"/>
    <property name="sun.boot.library.path" value="C:\Program Files\Java\jdk-12.0.2\bin"/>
    <property name="sun.java.command" value="C:\Users\yjxyu\AppData\Local\Temp\surefire642469891769292010\surefirebooter11303752969288635539.jar C:\Users\yjxyu\AppData\Local\Temp\surefire642469891769292010 2019-07-27T11-32-13_871-jvmRun1 surefire15991922011176492321tmp surefire_02008158890948695729tmp"/>
    <property name="jdk.debug" value="release"/>
    <property name="surefire.test.class.path" value="C:\Users\yjxyu\Mavenjava\target\test-classes;C:\Users\yjxyu\Mavenjava\target\classes;C:\Users\yjxyu\.m2\repository\org\seleniumhq\selenium\selenium-java\3.141.59\selenium-java-3.141.59.jar;C:\Users\yjxyu\.m2\repository\org\seleniumhq\selenium\selenium-api\3.141.59\selenium-api-3.141.59.jar;C:\Users\yjxyu\.m2\repository\org\seleniumhq\selenium\selenium-chrome-driver\3.141.59\selenium-chrome-driver-3.141.59.jar;C:\Users\yjxyu\.m2\repository\org\seleniumhq\selenium\selenium-edge-driver\3.141.59\selenium-edge-driver-3.141.59.jar;C:\Users\yjxyu\.m2\repository\org\seleniumhq\selenium\selenium-firefox-driver\3.141.59\selenium-firefox-driver-3.141.59.jar;C:\Users\yjxyu\.m2\repository\org\seleniumhq\selenium\selenium-ie-driver\3.141.59\selenium-ie-driver-3.141.59.jar;C:\Users\yjxyu\.m2\repository\org\seleniumhq\selenium\selenium-opera-driver\3.141.59\selenium-opera-driver-3.141.59.jar;C:\Users\yjxyu\.m2\repository\org\seleniumhq\selenium\selenium-remote-driver\3.141.59\selenium-remote-driver-3.141.59.jar;C:\Users\yjxyu\.m2\repository\org\seleniumhq\selenium\selenium-safari-driver\3.141.59\selenium-safari-driver-3.141.59.jar;C:\Users\yjxyu\.m2\repository\org\seleniumhq\selenium\selenium-support\3.141.59\selenium-support-3.141.59.jar;C:\Users\yjxyu\.m2\repository\net\bytebuddy\byte-buddy\1.8.15\byte-buddy-1.8.15.jar;C:\Users\yjxyu\.m2\repository\org\apache\commons\commons-exec\1.3\commons-exec-1.3.jar;C:\Users\yjxyu\.m2\repository\com\google\guava\guava\25.0-jre\guava-25.0-jre.jar;C:\Users\yjxyu\.m2\repository\com\google\code\findbugs\jsr305\1.3.9\jsr305-1.3.9.jar;C:\Users\yjxyu\.m2\repository\org\checkerframework\checker-compat-qual\2.0.0\checker-compat-qual-2.0.0.jar;C:\Users\yjxyu\.m2\repository\com\google\errorprone\error_prone_annotations\2.1.3\error_prone_annotations-2.1.3.jar;C:\Users\yjxyu\.m2\repository\com\google\j2objc\j2objc-annotations\1.1\j2objc-annotations-1.1.jar;C:\Users\yjxyu\.m2\repository\org\codehaus\mojo\animal-sniffer-annotations\1.14\animal-sniffer-annotations-1.14.jar;C:\Users\yjxyu\.m2\repository\com\squareup\okhttp3\okhttp\3.11.0\okhttp-3.11.0.jar;C:\Users\yjxyu\.m2\repository\com\squareup\okio\okio\1.14.0\okio-1.14.0.jar;C:\Users\yjxyu\.m2\repository\org\testng\testng\6.14.3\testng-6.14.3.jar;C:\Users\yjxyu\.m2\repository\com\beust\jcommander\1.72\jcommander-1.72.jar;C:\Users\yjxyu\.m2\repository\org\apache-extras\beanshell\bsh\2.0b6\bsh-2.0b6.jar;C:\Users\yjxyu\.m2\repository\io\rest-assured\rest-assured\4.0.0\rest-assured-4.0.0.jar;C:\Users\yjxyu\.m2\repository\org\codehaus\groovy\groovy\2.5.6\groovy-2.5.6.jar;C:\Users\yjxyu\.m2\repository\org\codehaus\groovy\groovy-xml\2.5.6\groovy-xml-2.5.6.jar;C:\Users\yjxyu\.m2\repository\org\apache\httpcomponents\httpclient\4.5.3\httpclient-4.5.3.jar;C:\Users\yjxyu\.m2\repository\org\apache\httpcomponents\httpcore\4.4.6\httpcore-4.4.6.jar;C:\Users\yjxyu\.m2\repository\commons-logging\commons-logging\1.2\commons-logging-1.2.jar;C:\Users\yjxyu\.m2\repository\commons-codec\commons-codec\1.9\commons-codec-1.9.jar;C:\Users\yjxyu\.m2\repository\org\apache\httpcomponents\httpmime\4.5.3\httpmime-4.5.3.jar;C:\Users\yjxyu\.m2\repository\org\hamcrest\hamcrest-core\2.1\hamcrest-core-2.1.jar;C:\Users\yjxyu\.m2\repository\org\hamcrest\hamcrest\2.1\hamcrest-2.1.jar;C:\Users\yjxyu\.m2\repository\org\hamcrest\hamcrest-library\2.1\hamcrest-library-2.1.jar;C:\Users\yjxyu\.m2\repository\org\ccil\cowan\tagsoup\tagsoup\1.2.1\tagsoup-1.2.1.jar;C:\Users\yjxyu\.m2\repository\io\rest-assured\json-path\4.0.0\json-path-4.0.0.jar;C:\Users\yjxyu\.m2\repository\org\codehaus\groovy\groovy-json\2.5.6\groovy-json-2.5.6.jar;C:\Users\yjxyu\.m2\repository\io\rest-assured\rest-assured-common\4.0.0\rest-assured-common-4.0.0.jar;C:\Users\yjxyu\.m2\repository\io\rest-assured\xml-path\4.0.0\xml-path-4.0.0.jar;C:\Users\yjxyu\.m2\repository\org\apache\commons\commons-lang3\3.4\commons-lang3-3.4.jar;C:\Users\yjxyu\.m2\repository\javax\xml\bind\jaxb-api\2.2.12\jaxb-api-2.2.12.jar;C:\Users\yjxyu\.m2\repository\com\sun\xml\bind\jaxb-osgi\2.2.10\jaxb-osgi-2.2.10.jar;C:\Users\yjxyu\.m2\repository\org\apache\sling\org.apache.sling.javax.activation\0.1.0\org.apache.sling.javax.activation-0.1.0.jar;C:\Users\yjxyu\.m2\repository\javax\activation\activation\1.1.1\activation-1.1.1.jar;C:\Users\yjxyu\.m2\repository\com\comcast\magic-wand\appium\4.0.3\appium-4.0.3.jar;C:\Users\yjxyu\.m2\repository\com\comcast\video\dawg\dawg-common\2.0.1\dawg-common-2.0.1.jar;C:\Users\yjxyu\.m2\repository\com\comcast\video\stb-io-api\2.0.1\stb-io-api-2.0.1.jar;C:\Users\yjxyu\.m2\repository\org\slf4j\slf4j-api\1.7.1\slf4j-api-1.7.1.jar;C:\Users\yjxyu\.m2\repository\org\ini4j\ini4j\0.5.4\ini4j-0.5.4.jar;C:\Users\yjxyu\.m2\repository\org\easymock\easymock\3.1\easymock-3.1.jar;C:\Users\yjxyu\.m2\repository\cglib\cglib-nodep\2.2.2\cglib-nodep-2.2.2.jar;C:\Users\yjxyu\.m2\repository\org\objenesis\objenesis\1.2\objenesis-1.2.jar;C:\Users\yjxyu\.m2\repository\javax\servlet\servlet-api\2.5\servlet-api-2.5.jar;C:\Users\yjxyu\.m2\repository\javax\servlet\jstl\1.2\jstl-1.2.jar;C:\Users\yjxyu\.m2\repository\org\springframework\spring-oxm\3.2.14.RELEASE\spring-oxm-3.2.14.RELEASE.jar;C:\Users\yjxyu\.m2\repository\org\springframework\spring-context\3.2.14.RELEASE\spring-context-3.2.14.RELEASE.jar;C:\Users\yjxyu\.m2\repository\org\springframework\spring-aop\3.2.14.RELEASE\spring-aop-3.2.14.RELEASE.jar;C:\Users\yjxyu\.m2\repository\aopalliance\aopalliance\1.0\aopalliance-1.0.jar;C:\Users\yjxyu\.m2\repository\org\springframework\spring-expression\3.2.14.RELEASE\spring-expression-3.2.14.RELEASE.jar;C:\Users\yjxyu\.m2\repository\org\springframework\spring-webmvc\3.2.14.RELEASE\spring-webmvc-3.2.14.RELEASE.jar;C:\Users\yjxyu\.m2\repository\org\springframework\spring-core\3.2.14.RELEASE\spring-core-3.2.14.RELEASE.jar;C:\Users\yjxyu\.m2\repository\org\springframework\spring-web\3.2.14.RELEASE\spring-web-3.2.14.RELEASE.jar;C:\Users\yjxyu\.m2\repository\org\springframework\spring-jdbc\3.2.14.RELEASE\spring-jdbc-3.2.14.RELEASE.jar;C:\Users\yjxyu\.m2\repository\org\springframework\spring-tx\3.2.14.RELEASE\spring-tx-3.2.14.RELEASE.jar;C:\Users\yjxyu\.m2\repository\org\springframework\spring-beans\3.2.14.RELEASE\spring-beans-3.2.14.RELEASE.jar;C:\Users\yjxyu\.m2\repository\org\springframework\spring-test\3.2.14.RELEASE\spring-test-3.2.14.RELEASE.jar;C:\Users\yjxyu\.m2\repository\junit\junit\4.10\junit-4.10.jar;C:\Users\yjxyu\.m2\repository\org\aspectj\aspectjrt\1.7.0\aspectjrt-1.7.0.jar;C:\Users\yjxyu\.m2\repository\org\slf4j\jcl-over-slf4j\1.7.1\jcl-over-slf4j-1.7.1.jar;C:\Users\yjxyu\.m2\repository\commons-io\commons-io\2.4\commons-io-2.4.jar;C:\Users\yjxyu\.m2\repository\commons-lang\commons-lang\2.6\commons-lang-2.6.jar;C:\Users\yjxyu\.m2\repository\com\comcast\cereal\cereal\4.0.2\cereal-4.0.2.jar;C:\Users\yjxyu\.m2\repository\commons-beanutils\commons-beanutils\1.7.0\commons-beanutils-1.7.0.jar;C:\Users\yjxyu\.m2\repository\org\yaml\snakeyaml\1.11\snakeyaml-1.11.jar;C:\Users\yjxyu\.m2\repository\joda-time\joda-time\1.5\joda-time-1.5.jar;C:\Users\yjxyu\.m2\repository\org\json\json\20140107\json-20140107.jar;C:\Users\yjxyu\.m2\repository\org\codehaus\jackson\jackson-mapper-asl\1.9.12\jackson-mapper-asl-1.9.12.jar;C:\Users\yjxyu\.m2\repository\org\codehaus\jackson\jackson-core-asl\1.9.12\jackson-core-asl-1.9.12.jar;C:\Users\yjxyu\.m2\repository\com\comcast\pantry\pantry\2.0.8\pantry-2.0.8.jar;C:\Users\yjxyu\.m2\repository\org\apache\commons\commons-compress\1.9\commons-compress-1.9.jar;C:\Users\yjxyu\.m2\repository\log4j\log4j\1.2.17\log4j-1.2.17.jar;C:\Users\yjxyu\.m2\repository\org\eclipse\jetty\websocket\websocket-client\9.1.0.M0\websocket-client-9.1.0.M0.jar;C:\Users\yjxyu\.m2\repository\org\eclipse\jetty\jetty-util\9.1.0.M0\jetty-util-9.1.0.M0.jar;C:\Users\yjxyu\.m2\repository\org\eclipse\jetty\jetty-io\9.1.0.M0\jetty-io-9.1.0.M0.jar;C:\Users\yjxyu\.m2\repository\org\eclipse\jetty\websocket\websocket-common\9.1.0.M0\websocket-common-9.1.0.M0.jar;C:\Users\yjxyu\.m2\repository\org\eclipse\jetty\websocket\websocket-api\9.1.0.M0\websocket-api-9.1.0.M0.jar;C:\Users\yjxyu\.m2\repository\javax\inject\javax.inject\1\javax.inject-1.jar;C:\Users\yjxyu\.m2\repository\org\springframework\data\spring-data-mongodb\1.5.4.RELEASE\spring-data-mongodb-1.5.4.RELEASE.jar;C:\Users\yjxyu\.m2\repository\org\springframework\data\spring-data-commons\1.8.4.RELEASE\spring-data-commons-1.8.4.RELEASE.jar;C:\Users\yjxyu\.m2\repository\org\mongodb\mongo-java-driver\2.12.1\mongo-java-driver-2.12.1.jar;C:\Users\yjxyu\.m2\repository\taglibs\standard\1.1.2\standard-1.1.2.jar;C:\Users\yjxyu\.m2\repository\eu\bitwalker\UserAgentUtils\1.18\UserAgentUtils-1.18.jar;C:\Users\yjxyu\.m2\repository\org\eclipse\jetty\aggregate\jetty-all-server\7.6.7.v20120910\jetty-all-server-7.6.7.v20120910.jar;C:\Users\yjxyu\.m2\repository\org\eclipse\jetty\orbit\javax.security.auth.message\1.0.0.v201108011116\javax.security.auth.message-1.0.0.v201108011116.jar;C:\Users\yjxyu\.m2\repository\org\eclipse\jetty\orbit\javax.mail.glassfish\1.4.1.v201005082020\javax.mail.glassfish-1.4.1.v201005082020.jar;C:\Users\yjxyu\.m2\repository\org\eclipse\jetty\orbit\javax.activation\1.1.0.v201105071233\javax.activation-1.1.0.v201105071233.jar;C:\Users\yjxyu\.m2\repository\org\eclipse\jetty\orbit\javax.annotation\1.1.0.v201108011116\javax.annotation-1.1.0.v201108011116.jar;C:\Users\yjxyu\.m2\repository\org\reflections\reflections\0.9.9-RC2\reflections-0.9.9-RC2.jar;C:\Users\yjxyu\.m2\repository\org\javassist\javassist\3.18.2-GA\javassist-3.18.2-GA.jar;C:\Users\yjxyu\.m2\repository\com\google\code\findbugs\annotations\2.0.1\annotations-2.0.1.jar;C:\Users\yjxyu\.m2\repository\dom4j\dom4j\1.6.1\dom4j-1.6.1.jar;C:\Users\yjxyu\.m2\repository\xml-apis\xml-apis\1.0.b2\xml-apis-1.0.b2.jar;C:\Users\yjxyu\.m2\repository\com\comcast\video\dawg\dawg-client\2.0.1\dawg-client-2.0.1.jar;C:\Users\yjxyu\.m2\repository\com\comcast\drivethru\drive-thru\2.0.3\drive-thru-2.0.3.jar;C:\Users\yjxyu\.m2\repository\com\google\code\gson\gson\2.2.4\gson-2.2.4.jar;C:\Users\yjxyu\.m2\repository\oauth\signpost\signpost-core\1.2.1\signpost-core-1.2.1.jar;C:\Users\yjxyu\.m2\repository\oauth\signpost\signpost-commonshttp4\1.2.1\signpost-commonshttp4-1.2.1.jar;C:\Users\yjxyu\.m2\repository\com\comcast\magic-wand\core\4.0.3\core-4.0.3.jar;C:\Users\yjxyu\.m2\repository\io\appium\java-client\2.2.0\java-client-2.2.0.jar;C:\Users\yjxyu\.m2\repository\cglib\cglib\3.1\cglib-3.1.jar;C:\Users\yjxyu\.m2\repository\org\ow2\asm\asm\4.2\asm-4.2.jar;C:\Users\yjxyu\.m2\repository\ch\qos\logback\logback-classic\1.1.2\logback-classic-1.1.2.jar;C:\Users\yjxyu\.m2\repository\ch\qos\logback\logback-core\1.1.2\logback-core-1.1.2.jar;"/>
    <property name="sun.cpu.endian" value="little"/>
    <property name="user.home" value="C:\Users\yjxyu"/>
    <property name="user.language" value="en"/>
    <property name="java.specification.vendor" value="Oracle Corporation"/>
    <property name="java.version.date" value="2019-07-16"/>
    <property name="java.home" value="C:\Program Files\Java\jdk-12.0.2"/>
    <property name="file.separator" value="\"/>
    <property name="basedir" value="C:\Users\yjxyu\Mavenjava"/>
    <property name="java.vm.compressedOopsMode" value="32-bit"/>
    <property name="line.separator" value="&#10;"/>
    <property name="java.vm.specification.vendor" value="Oracle Corporation"/>
    <property name="java.specification.name" value="Java Platform API Specification"/>
    <property name="java.awt.graphicsenv" value="sun.awt.Win32GraphicsEnvironment"/>
    <property name="surefire.real.class.path" value="C:\Users\yjxyu\AppData\Local\Temp\surefire642469891769292010\surefirebooter11303752969288635539.jar"/>
    <property name="user.script" value=""/>
    <property name="sun.management.compiler" value="HotSpot 64-Bit Tiered Compilers"/>
    <property name="java.runtime.version" value="12.0.2+10"/>
    <property name="user.name" value="yjxyu"/>
    <property name="path.separator" value=";"/>
    <property name="os.version" value="10.0"/>
    <property name="java.runtime.name" value="Java(TM) SE Runtime Environment"/>
    <property name="file.encoding" value="Cp1252"/>
    <property name="java.vm.name" value="Java HotSpot(TM) 64-Bit Server VM"/>
    <property name="localRepository" value="C:\Users\yjxyu\.m2\repository"/>
    <property name="java.vendor.url.bug" value="https://bugreport.java.com/bugreport/"/>
    <property name="java.io.tmpdir" value="C:\Users\yjxyu\AppData\Local\Temp\"/>
    <property name="java.version" value="12.0.2"/>
    <property name="user.dir" value="C:\Users\yjxyu\Mavenjava"/>
    <property name="os.arch" value="amd64"/>
    <property name="java.vm.specification.name" value="Java Virtual Machine Specification"/>
    <property name="sun.os.patch.level" value=""/>
    <property name="java.library.path" value="C:\Program Files\Java\jdk-12.0.2\bin;C:\Windows\Sun\Java\bin;C:\Windows\system32;C:\Windows;C:\Program Files (x86)\Common Files\Oracle\Java\javapath;C:\Windows\system32;C:\Windows;C:\Windows\System32\Wbem;C:\Windows\System32\WindowsPowerShell\v1.0\;C:\Windows\System32\OpenSSH\;C:\Program Files\nodejs\;C:\strawberry\c\bin;C:\strawberry\perl\bin;C:\Program Files\Java\jdk-12.0.2\bin;C:\Users\yjxyu\AppData\Local\Android\Sdk\tools\bin;C:\Users\yjxyu\AppData\Local\Android\Sdk\tools;C:\Users\yjxyu\AppData\Local\Android\Sdk\platform-tools;C:\Program Files\nodejs\node_modules\npm\bin;C:\Users\yjxyu\AppData\Local\Android\Sdk\emulator;C:\Sonia\apache-maven-3.6.1\bin;C:\Users\yjxyu\AppData\Local\Microsoft\WindowsApps;C:\Users\yjxyu\AppData\Roaming\npm;."/>
    <property name="java.vm.info" value="mixed mode, sharing"/>
    <property name="java.vendor" value="Oracle Corporation"/>
    <property name="java.vm.version" value="12.0.2+10"/>
    <property name="sun.io.unicode.encoding" value="UnicodeLittle"/>
    <property name="java.class.version" value="56.0"/>
  </properties>
  <testcase name="BrowserAutomation" classname="qaclickacademy.SeleniumTest" time="0.035"/>
  <testcase name="ElementUI" classname="qaclickacademy.SeleniumTest" time="0.014"/>
  <testcase name="deleteTwitter" classname="qaclickacademy.RESTAPITest" time="0.002"/>
  <testcase name="postjira" classname="qaclickacademy.RESTAPITest" time="0.01"/>
  <testcase name="IOSApps" classname="qaclickacademy.AppiumTest" time="0.012"/>
  <testcase name="NativeAppAndroid" classname="qaclickacademy.AppiumTest" time="0.002"/>
</testsuite>