<?xml version="1.0" encoding="UTF-8"?>
<!-- Generated by org.testng.reporters.JUnitReportReporter -->
<testsuite hostname="DESKTOP-4VHBQP4" failures="0" tests="1" name="qaclickacademy.AppTest" time="0.005" errors="0" timestamp="27 Jul 2019 15:09:37 GMT" skipped="0">
  <testcase classname="qaclickacademy.AppTest" name="testApp" time="0.005"/>
</testsuite> <!-- qaclickacademy.AppTest -->
