<?xml version="1.0" encoding="UTF-8"?>
<!-- Generated by org.testng.reporters.JUnitReportReporter -->
<testsuite hostname="DESKTOP-4VHBQP4" failures="0" tests="2" name="qaclickacademy.RESTAPITest" time="0.005" errors="0" timestamp="27 Jul 2019 15:17:25 GMT" skipped="0">
  <testcase classname="qaclickacademy.RESTAPITest" name="deleteTwitter" time="0.003"/>
  <testcase classname="qaclickacademy.RESTAPITest" name="postjira" time="0.002"/>
</testsuite> <!-- qaclickacademy.RESTAPITest -->
