<?xml version="1.0" encoding="UTF-8"?>
<!-- Generated by org.testng.reporters.JUnitReportReporter -->
<testsuite hostname="DESKTOP-4VHBQP4" failures="0" tests="2" name="qaclickacademy.SeleniumTest" time="0.022" errors="0" timestamp="27 Jul 2019 15:32:15 GMT" skipped="0">
  <testcase classname="qaclickacademy.SeleniumTest" name="BrowserAutomation" time="0.021"/>
  <testcase classname="qaclickacademy.SeleniumTest" name="ElementUI" time="0.001"/>
</testsuite> <!-- qaclickacademy.SeleniumTest -->
